{"/home/kehao/Repo/LifeGame/test/test.js":{"path":"/home/kehao/Repo/LifeGame/test/test.js","s":{"1":1,"2":1,"3":1,"4":1,"5":1,"6":1,"7":1,"8":1,"9":1,"10":1,"11":1,"12":1,"13":1,"14":1,"15":1,"16":1,"17":1,"18":1,"19":1,"20":1,"21":1,"22":1,"23":1,"24":1,"25":1,"26":1,"27":1,"28":1,"29":1,"30":1,"31":1,"32":1,"33":1,"34":1,"35":1,"36":1,"37":1,"38":1,"39":1,"40":1,"41":1,"42":52,"43":2704,"44":2704,"45":1383,"46":1,"47":1,"48":1,"49":1,"50":1,"51":5,"52":5,"53":50,"54":500,"55":219,"56":5,"57":1,"58":1,"59":1,"60":1,"61":1,"62":1,"63":1,"64":1,"65":1,"66":1,"67":1,"68":1,"69":1,"70":1,"71":1,"72":1,"73":1,"74":1,"75":1,"76":1,"77":1,"78":1,"79":1,"80":1,"81":1,"82":1,"83":1,"84":1,"85":1,"86":1,"87":1,"88":1,"89":1,"90":1,"91":1,"92":1,"93":1,"94":1,"95":1,"96":1},"b":{"1":[1383,1321],"2":[1,1],"3":[219,281]},"f":{"1":1,"2":1,"3":1,"4":1,"5":1,"6":1,"7":1,"8":1,"9":5,"10":1,"11":1,"12":1,"13":1},"fnMap":{"1":{"name":"(anonymous_1)","line":6,"loc":{"start":{"line":6,"column":27},"end":{"line":6,"column":37}}},"2":{"name":"(anonymous_2)","line":7,"loc":{"start":{"line":7,"column":19},"end":{"line":7,"column":29}}},"3":{"name":"(anonymous_3)","line":15,"loc":{"start":{"line":15,"column":29},"end":{"line":15,"column":39}}},"4":{"name":"(anonymous_4)","line":24,"loc":{"start":{"line":24,"column":26},"end":{"line":24,"column":36}}},"5":{"name":"(anonymous_5)","line":34,"loc":{"start":{"line":34,"column":14},"end":{"line":34,"column":24}}},"6":{"name":"(anonymous_6)","line":41,"loc":{"start":{"line":41,"column":20},"end":{"line":41,"column":30}}},"7":{"name":"(anonymous_7)","line":45,"loc":{"start":{"line":45,"column":16},"end":{"line":45,"column":26}}},"8":{"name":"(anonymous_8)","line":59,"loc":{"start":{"line":59,"column":23},"end":{"line":59,"column":33}}},"9":{"name":"matrix_equal","line":62,"loc":{"start":{"line":62,"column":8},"end":{"line":62,"column":34}}},"10":{"name":"(anonymous_10)","line":89,"loc":{"start":{"line":89,"column":11},"end":{"line":89,"column":21}}},"11":{"name":"(anonymous_11)","line":98,"loc":{"start":{"line":98,"column":23},"end":{"line":98,"column":33}}},"12":{"name":"(anonymous_12)","line":99,"loc":{"start":{"line":99,"column":20},"end":{"line":99,"column":30}}},"13":{"name":"(anonymous_13)","line":106,"loc":{"start":{"line":106,"column":19},"end":{"line":106,"column":29}}}},"statementMap":{"1":{"start":{"line":1,"column":0},"end":{"line":1,"column":27}},"2":{"start":{"line":2,"column":0},"end":{"line":2,"column":36}},"3":{"start":{"line":3,"column":0},"end":{"line":3,"column":33}},"4":{"start":{"line":6,"column":0},"end":{"line":97,"column":2}},"5":{"start":{"line":7,"column":4},"end":{"line":13,"column":6}},"6":{"start":{"line":8,"column":8},"end":{"line":8,"column":50}},"7":{"start":{"line":9,"column":8},"end":{"line":9,"column":51}},"8":{"start":{"line":10,"column":8},"end":{"line":10,"column":52}},"9":{"start":{"line":11,"column":8},"end":{"line":11,"column":50}},"10":{"start":{"line":12,"column":8},"end":{"line":12,"column":54}},"11":{"start":{"line":15,"column":4},"end":{"line":22,"column":6}},"12":{"start":{"line":16,"column":8},"end":{"line":16,"column":60}},"13":{"start":{"line":17,"column":8},"end":{"line":17,"column":60}},"14":{"start":{"line":18,"column":8},"end":{"line":18,"column":62}},"15":{"start":{"line":19,"column":8},"end":{"line":19,"column":62}},"16":{"start":{"line":20,"column":8},"end":{"line":20,"column":60}},"17":{"start":{"line":21,"column":8},"end":{"line":21,"column":64}},"18":{"start":{"line":24,"column":4},"end":{"line":33,"column":6}},"19":{"start":{"line":25,"column":8},"end":{"line":25,"column":52}},"20":{"start":{"line":26,"column":8},"end":{"line":26,"column":54}},"21":{"start":{"line":27,"column":8},"end":{"line":27,"column":55}},"22":{"start":{"line":28,"column":8},"end":{"line":28,"column":55}},"23":{"start":{"line":29,"column":8},"end":{"line":29,"column":56}},"24":{"start":{"line":30,"column":8},"end":{"line":30,"column":56}},"25":{"start":{"line":31,"column":8},"end":{"line":31,"column":53}},"26":{"start":{"line":32,"column":8},"end":{"line":32,"column":53}},"27":{"start":{"line":34,"column":4},"end":{"line":40,"column":6}},"28":{"start":{"line":35,"column":8},"end":{"line":35,"column":23}},"29":{"start":{"line":36,"column":8},"end":{"line":36,"column":50}},"30":{"start":{"line":37,"column":8},"end":{"line":37,"column":24}},"31":{"start":{"line":38,"column":8},"end":{"line":38,"column":49}},"32":{"start":{"line":41,"column":4},"end":{"line":58,"column":6}},"33":{"start":{"line":42,"column":8},"end":{"line":42,"column":18}},"34":{"start":{"line":43,"column":8},"end":{"line":43,"column":20}},"35":{"start":{"line":43,"column":20},"end":{"line":43,"column":37}},"36":{"start":{"line":43,"column":37},"end":{"line":43,"column":58}},"37":{"start":{"line":44,"column":8},"end":{"line":44,"column":77}},"38":{"start":{"line":45,"column":8},"end":{"line":56,"column":28}},"39":{"start":{"line":46,"column":12},"end":{"line":46,"column":22}},"40":{"start":{"line":46,"column":22},"end":{"line":46,"column":32}},"41":{"start":{"line":47,"column":12},"end":{"line":54,"column":13}},"42":{"start":{"line":48,"column":16},"end":{"line":53,"column":17}},"43":{"start":{"line":49,"column":20},"end":{"line":49,"column":28}},"44":{"start":{"line":50,"column":20},"end":{"line":52,"column":21}},"45":{"start":{"line":51,"column":24},"end":{"line":51,"column":32}},"46":{"start":{"line":55,"column":12},"end":{"line":55,"column":55}},"47":{"start":{"line":59,"column":4},"end":{"line":88,"column":6}},"48":{"start":{"line":60,"column":8},"end":{"line":60,"column":16}},"49":{"start":{"line":61,"column":8},"end":{"line":61,"column":17}},"50":{"start":{"line":62,"column":8},"end":{"line":70,"column":9}},"51":{"start":{"line":63,"column":9},"end":{"line":63,"column":19}},"52":{"start":{"line":64,"column":9},"end":{"line":68,"column":10}},"53":{"start":{"line":65,"column":10},"end":{"line":67,"column":11}},"54":{"start":{"line":66,"column":11},"end":{"line":66,"column":46}},"55":{"start":{"line":66,"column":34},"end":{"line":66,"column":45}},"56":{"start":{"line":69,"column":9},"end":{"line":69,"column":20}},"57":{"start":{"line":71,"column":8},"end":{"line":71,"column":232}},"58":{"start":{"line":72,"column":8},"end":{"line":72,"column":232}},"59":{"start":{"line":73,"column":8},"end":{"line":73,"column":232}},"60":{"start":{"line":74,"column":8},"end":{"line":74,"column":232}},"61":{"start":{"line":75,"column":8},"end":{"line":75,"column":232}},"62":{"start":{"line":76,"column":8},"end":{"line":76,"column":232}},"63":{"start":{"line":77,"column":8},"end":{"line":77,"column":232}},"64":{"start":{"line":78,"column":8},"end":{"line":78,"column":232}},"65":{"start":{"line":79,"column":8},"end":{"line":79,"column":232}},"66":{"start":{"line":80,"column":8},"end":{"line":80,"column":232}},"67":{"start":{"line":82,"column":8},"end":{"line":82,"column":75}},"68":{"start":{"line":83,"column":8},"end":{"line":83,"column":75}},"69":{"start":{"line":84,"column":8},"end":{"line":84,"column":75}},"70":{"start":{"line":85,"column":8},"end":{"line":85,"column":75}},"71":{"start":{"line":86,"column":8},"end":{"line":86,"column":75}},"72":{"start":{"line":89,"column":1},"end":{"line":95,"column":6}},"73":{"start":{"line":90,"column":8},"end":{"line":90,"column":23}},"74":{"start":{"line":91,"column":8},"end":{"line":91,"column":49}},"75":{"start":{"line":92,"column":8},"end":{"line":92,"column":24}},"76":{"start":{"line":93,"column":8},"end":{"line":93,"column":50}},"77":{"start":{"line":98,"column":0},"end":{"line":118,"column":2}},"78":{"start":{"line":99,"column":4},"end":{"line":105,"column":6}},"79":{"start":{"line":100,"column":8},"end":{"line":100,"column":21}},"80":{"start":{"line":101,"column":8},"end":{"line":101,"column":21}},"81":{"start":{"line":102,"column":8},"end":{"line":102,"column":63}},"82":{"start":{"line":103,"column":8},"end":{"line":103,"column":63}},"83":{"start":{"line":104,"column":8},"end":{"line":104,"column":53}},"84":{"start":{"line":106,"column":4},"end":{"line":116,"column":6}},"85":{"start":{"line":107,"column":8},"end":{"line":107,"column":17}},"86":{"start":{"line":107,"column":17},"end":{"line":107,"column":27}},"87":{"start":{"line":107,"column":27},"end":{"line":107,"column":36}},"88":{"start":{"line":107,"column":36},"end":{"line":107,"column":50}},"89":{"start":{"line":107,"column":50},"end":{"line":107,"column":63}},"90":{"start":{"line":108,"column":8},"end":{"line":108,"column":63}},"91":{"start":{"line":109,"column":8},"end":{"line":109,"column":69}},"92":{"start":{"line":110,"column":8},"end":{"line":110,"column":68}},"93":{"start":{"line":111,"column":8},"end":{"line":111,"column":69}},"94":{"start":{"line":113,"column":8},"end":{"line":113,"column":68}},"95":{"start":{"line":114,"column":8},"end":{"line":114,"column":68}},"96":{"start":{"line":115,"column":8},"end":{"line":115,"column":68}}},"branchMap":{"1":{"line":50,"type":"if","locations":[{"start":{"line":50,"column":20},"end":{"line":50,"column":20}},{"start":{"line":50,"column":20},"end":{"line":50,"column":20}}]},"2":{"line":55,"type":"binary-expr","locations":[{"start":{"line":55,"column":20},"end":{"line":55,"column":35}},{"start":{"line":55,"column":39},"end":{"line":55,"column":54}}]},"3":{"line":66,"type":"if","locations":[{"start":{"line":66,"column":11},"end":{"line":66,"column":11}},{"start":{"line":66,"column":11},"end":{"line":66,"column":11}}]}}},"/home/kehao/Repo/LifeGame/test/logic.js":{"path":"/home/kehao/Repo/LifeGame/test/logic.js","s":{"1":1,"2":1,"3":1,"4":1,"5":1,"6":1,"7":1,"8":1,"9":1,"10":1,"11":1,"12":1,"13":1,"14":1,"15":1,"16":1,"17":1,"18":1,"19":1,"20":8,"21":8,"22":8,"23":3,"24":5,"25":3,"26":2,"27":2,"28":2,"29":1,"30":2,"31":1,"32":1,"33":2,"34":1,"35":3,"36":3,"37":3,"38":1,"39":2,"40":1,"41":3,"42":1,"43":6,"44":6,"45":1,"46":5,"47":3,"48":2,"49":2,"50":1,"51":1,"52":1,"53":52,"54":52,"55":2704,"56":1,"57":1,"58":0,"59":0,"60":0,"61":0,"62":0,"63":0,"64":0,"65":1,"66":0,"67":0,"68":1,"69":5,"70":5,"71":1,"72":4,"73":2,"74":2,"75":2,"76":1,"77":5,"78":5,"79":60,"80":60,"81":720,"82":5,"83":40,"84":320,"85":183,"86":1464,"87":5,"88":40,"89":320,"90":52,"91":268,"92":77,"93":191,"94":5,"95":1,"96":2,"97":1,"98":1,"99":0,"100":1,"101":1,"102":6,"103":3,"104":1,"105":2,"106":6,"107":3,"108":1,"109":2,"110":6},"b":{"1":[3,5],"2":[8,6],"3":[3,2],"4":[5,3,3,2],"5":[1,1],"6":[1,2],"7":[1,1],"8":[1,5],"9":[3,2],"10":[5,4],"11":[1,4],"12":[2,2],"13":[183,137],"14":[52,268],"15":[320,320],"16":[77,191],"17":[1,1],"18":[3,3],"19":[1,2],"20":[3,3],"21":[1,2]},"f":{"1":8,"2":2,"3":3,"4":6,"5":1,"6":0,"7":0,"8":5,"9":5,"10":2,"11":0,"12":6},"fnMap":{"1":{"name":"(anonymous_1)","line":22,"loc":{"start":{"line":22,"column":21},"end":{"line":22,"column":35}}},"2":{"name":"(anonymous_2)","line":41,"loc":{"start":{"line":41,"column":18},"end":{"line":41,"column":35}}},"3":{"name":"(anonymous_3)","line":52,"loc":{"start":{"line":52,"column":24},"end":{"line":52,"column":38}}},"4":{"name":"(anonymous_4)","line":65,"loc":{"start":{"line":65,"column":31},"end":{"line":66,"column":1}}},"5":{"name":"(anonymous_5)","line":83,"loc":{"start":{"line":83,"column":25},"end":{"line":83,"column":78}}},"6":{"name":"(anonymous_6)","line":94,"loc":{"start":{"line":94,"column":25},"end":{"line":94,"column":35}}},"7":{"name":"(anonymous_7)","line":107,"loc":{"start":{"line":107,"column":18},"end":{"line":107,"column":28}}},"8":{"name":"(anonymous_8)","line":112,"loc":{"start":{"line":112,"column":24},"end":{"line":113,"column":1}}},"9":{"name":"(anonymous_9)","line":129,"loc":{"start":{"line":129,"column":28},"end":{"line":129,"column":65}}},"10":{"name":"(anonymous_10)","line":165,"loc":{"start":{"line":165,"column":18},"end":{"line":165,"column":36}}},"11":{"name":"(anonymous_11)","line":173,"loc":{"start":{"line":173,"column":19},"end":{"line":173,"column":31}}},"12":{"name":"(anonymous_12)","line":178,"loc":{"start":{"line":178,"column":25},"end":{"line":178,"column":50}}}},"statementMap":{"1":{"start":{"line":1,"column":0},"end":{"line":1,"column":39}},"2":{"start":{"line":2,"column":4},"end":{"line":2,"column":20}},"3":{"start":{"line":3,"column":4},"end":{"line":3,"column":12}},"4":{"start":{"line":4,"column":4},"end":{"line":4,"column":13}},"5":{"start":{"line":5,"column":4},"end":{"line":5,"column":12}},"6":{"start":{"line":7,"column":4},"end":{"line":7,"column":17}},"7":{"start":{"line":8,"column":4},"end":{"line":8,"column":16}},"8":{"start":{"line":9,"column":4},"end":{"line":9,"column":23}},"9":{"start":{"line":11,"column":4},"end":{"line":11,"column":26}},"10":{"start":{"line":12,"column":4},"end":{"line":12,"column":25}},"11":{"start":{"line":13,"column":4},"end":{"line":13,"column":25}},"12":{"start":{"line":14,"column":4},"end":{"line":14,"column":25}},"13":{"start":{"line":15,"column":4},"end":{"line":15,"column":12}},"14":{"start":{"line":16,"column":4},"end":{"line":16,"column":17}},"15":{"start":{"line":17,"column":4},"end":{"line":17,"column":17}},"16":{"start":{"line":18,"column":4},"end":{"line":18,"column":15}},"17":{"start":{"line":19,"column":4},"end":{"line":19,"column":34}},"18":{"start":{"line":20,"column":4},"end":{"line":20,"column":34}},"19":{"start":{"line":22,"column":1},"end":{"line":39,"column":2}},"20":{"start":{"line":23,"column":2},"end":{"line":23,"column":28}},"21":{"start":{"line":24,"column":2},"end":{"line":24,"column":31}},"22":{"start":{"line":25,"column":8},"end":{"line":38,"column":3}},"23":{"start":{"line":27,"column":12},"end":{"line":27,"column":24}},"24":{"start":{"line":29,"column":13},"end":{"line":38,"column":3}},"25":{"start":{"line":31,"column":12},"end":{"line":31,"column":24}},"26":{"start":{"line":35,"column":3},"end":{"line":35,"column":24}},"27":{"start":{"line":36,"column":3},"end":{"line":36,"column":30}},"28":{"start":{"line":37,"column":3},"end":{"line":37,"column":14}},"29":{"start":{"line":41,"column":4},"end":{"line":50,"column":5}},"30":{"start":{"line":42,"column":8},"end":{"line":48,"column":9}},"31":{"start":{"line":43,"column":12},"end":{"line":43,"column":28}},"32":{"start":{"line":46,"column":12},"end":{"line":46,"column":27}},"33":{"start":{"line":49,"column":8},"end":{"line":49,"column":22}},"34":{"start":{"line":52,"column":4},"end":{"line":62,"column":5}},"35":{"start":{"line":53,"column":8},"end":{"line":53,"column":21}},"36":{"start":{"line":54,"column":8},"end":{"line":54,"column":21}},"37":{"start":{"line":55,"column":8},"end":{"line":60,"column":9}},"38":{"start":{"line":56,"column":12},"end":{"line":56,"column":28}},"39":{"start":{"line":58,"column":13},"end":{"line":60,"column":9}},"40":{"start":{"line":59,"column":12},"end":{"line":59,"column":28}},"41":{"start":{"line":61,"column":8},"end":{"line":61,"column":19}},"42":{"start":{"line":65,"column":1},"end":{"line":81,"column":2}},"43":{"start":{"line":67,"column":2},"end":{"line":67,"column":31}},"44":{"start":{"line":68,"column":8},"end":{"line":80,"column":3}},"45":{"start":{"line":70,"column":12},"end":{"line":70,"column":24}},"46":{"start":{"line":72,"column":13},"end":{"line":80,"column":3}},"47":{"start":{"line":74,"column":12},"end":{"line":74,"column":24}},"48":{"start":{"line":78,"column":3},"end":{"line":78,"column":38}},"49":{"start":{"line":79,"column":3},"end":{"line":79,"column":25}},"50":{"start":{"line":83,"column":4},"end":{"line":92,"column":9}},"51":{"start":{"line":84,"column":12},"end":{"line":84,"column":42}},"52":{"start":{"line":85,"column":12},"end":{"line":90,"column":13}},"53":{"start":{"line":86,"column":16},"end":{"line":86,"column":52}},"54":{"start":{"line":87,"column":16},"end":{"line":89,"column":17}},"55":{"start":{"line":88,"column":20},"end":{"line":88,"column":68}},"56":{"start":{"line":91,"column":12},"end":{"line":91,"column":25}},"57":{"start":{"line":94,"column":4},"end":{"line":105,"column":5}},"58":{"start":{"line":95,"column":8},"end":{"line":95,"column":39}},"59":{"start":{"line":96,"column":8},"end":{"line":96,"column":45}},"60":{"start":{"line":100,"column":8},"end":{"line":100,"column":20}},"61":{"start":{"line":101,"column":8},"end":{"line":101,"column":22}},"62":{"start":{"line":102,"column":8},"end":{"line":102,"column":27}},"63":{"start":{"line":103,"column":8},"end":{"line":103,"column":27}},"64":{"start":{"line":104,"column":8},"end":{"line":104,"column":14}},"65":{"start":{"line":107,"column":4},"end":{"line":110,"column":5}},"66":{"start":{"line":108,"column":8},"end":{"line":108,"column":16}},"67":{"start":{"line":109,"column":8},"end":{"line":109,"column":19}},"68":{"start":{"line":112,"column":4},"end":{"line":127,"column":5}},"69":{"start":{"line":114,"column":8},"end":{"line":114,"column":27}},"70":{"start":{"line":115,"column":8},"end":{"line":126,"column":9}},"71":{"start":{"line":117,"column":12},"end":{"line":117,"column":24}},"72":{"start":{"line":119,"column":13},"end":{"line":126,"column":9}},"73":{"start":{"line":121,"column":12},"end":{"line":121,"column":24}},"74":{"start":{"line":124,"column":12},"end":{"line":124,"column":27}},"75":{"start":{"line":125,"column":3},"end":{"line":125,"column":15}},"76":{"start":{"line":129,"column":4},"end":{"line":163,"column":9}},"77":{"start":{"line":131,"column":12},"end":{"line":131,"column":44}},"78":{"start":{"line":132,"column":12},"end":{"line":137,"column":13}},"79":{"start":{"line":133,"column":16},"end":{"line":133,"column":54}},"80":{"start":{"line":134,"column":16},"end":{"line":136,"column":17}},"81":{"start":{"line":135,"column":20},"end":{"line":135,"column":39}},"82":{"start":{"line":138,"column":12},"end":{"line":148,"column":13}},"83":{"start":{"line":139,"column":16},"end":{"line":147,"column":17}},"84":{"start":{"line":140,"column":20},"end":{"line":146,"column":21}},"85":{"start":{"line":142,"column":24},"end":{"line":144,"column":25}},"86":{"start":{"line":143,"column":28},"end":{"line":143,"column":56}},"87":{"start":{"line":149,"column":12},"end":{"line":161,"column":13}},"88":{"start":{"line":150,"column":16},"end":{"line":160,"column":17}},"89":{"start":{"line":151,"column":20},"end":{"line":159,"column":21}},"90":{"start":{"line":152,"column":24},"end":{"line":152,"column":32}},"91":{"start":{"line":154,"column":25},"end":{"line":159,"column":21}},"92":{"start":{"line":155,"column":24},"end":{"line":155,"column":44}},"93":{"start":{"line":158,"column":24},"end":{"line":158,"column":43}},"94":{"start":{"line":162,"column":12},"end":{"line":162,"column":25}},"95":{"start":{"line":165,"column":4},"end":{"line":177,"column":5}},"96":{"start":{"line":166,"column":8},"end":{"line":168,"column":9}},"97":{"start":{"line":167,"column":12},"end":{"line":167,"column":24}},"98":{"start":{"line":173,"column":8},"end":{"line":175,"column":18}},"99":{"start":{"line":174,"column":12},"end":{"line":174,"column":23}},"100":{"start":{"line":176,"column":8},"end":{"line":176,"column":19}},"101":{"start":{"line":178,"column":5},"end":{"line":199,"column":5}},"102":{"start":{"line":179,"column":8},"end":{"line":187,"column":9}},"103":{"start":{"line":180,"column":12},"end":{"line":186,"column":13}},"104":{"start":{"line":181,"column":16},"end":{"line":181,"column":39}},"105":{"start":{"line":185,"column":17},"end":{"line":185,"column":41}},"106":{"start":{"line":188,"column":8},"end":{"line":196,"column":9}},"107":{"start":{"line":189,"column":12},"end":{"line":195,"column":13}},"108":{"start":{"line":190,"column":16},"end":{"line":190,"column":39}},"109":{"start":{"line":194,"column":17},"end":{"line":194,"column":40}},"110":{"start":{"line":197,"column":8},"end":{"line":197,"column":32}}},"branchMap":{"1":{"line":25,"type":"if","locations":[{"start":{"line":25,"column":8},"end":{"line":25,"column":8}},{"start":{"line":25,"column":8},"end":{"line":25,"column":8}}]},"2":{"line":25,"type":"binary-expr","locations":[{"start":{"line":25,"column":12},"end":{"line":25,"column":29}},{"start":{"line":25,"column":33},"end":{"line":25,"column":53}}]},"3":{"line":29,"type":"if","locations":[{"start":{"line":29,"column":13},"end":{"line":29,"column":13}},{"start":{"line":29,"column":13},"end":{"line":29,"column":13}}]},"4":{"line":29,"type":"binary-expr","locations":[{"start":{"line":29,"column":17},"end":{"line":29,"column":32}},{"start":{"line":29,"column":36},"end":{"line":29,"column":54}},{"start":{"line":29,"column":58},"end":{"line":29,"column":90}},{"start":{"line":29,"column":94},"end":{"line":29,"column":132}}]},"5":{"line":42,"type":"if","locations":[{"start":{"line":42,"column":8},"end":{"line":42,"column":8}},{"start":{"line":42,"column":8},"end":{"line":42,"column":8}}]},"6":{"line":55,"type":"if","locations":[{"start":{"line":55,"column":8},"end":{"line":55,"column":8}},{"start":{"line":55,"column":8},"end":{"line":55,"column":8}}]},"7":{"line":58,"type":"if","locations":[{"start":{"line":58,"column":13},"end":{"line":58,"column":13}},{"start":{"line":58,"column":13},"end":{"line":58,"column":13}}]},"8":{"line":68,"type":"if","locations":[{"start":{"line":68,"column":8},"end":{"line":68,"column":8}},{"start":{"line":68,"column":8},"end":{"line":68,"column":8}}]},"9":{"line":72,"type":"if","locations":[{"start":{"line":72,"column":13},"end":{"line":72,"column":13}},{"start":{"line":72,"column":13},"end":{"line":72,"column":13}}]},"10":{"line":72,"type":"binary-expr","locations":[{"start":{"line":72,"column":17},"end":{"line":72,"column":39}},{"start":{"line":72,"column":43},"end":{"line":72,"column":64}}]},"11":{"line":115,"type":"if","locations":[{"start":{"line":115,"column":8},"end":{"line":115,"column":8}},{"start":{"line":115,"column":8},"end":{"line":115,"column":8}}]},"12":{"line":119,"type":"if","locations":[{"start":{"line":119,"column":13},"end":{"line":119,"column":13}},{"start":{"line":119,"column":13},"end":{"line":119,"column":13}}]},"13":{"line":140,"type":"if","locations":[{"start":{"line":140,"column":20},"end":{"line":140,"column":20}},{"start":{"line":140,"column":20},"end":{"line":140,"column":20}}]},"14":{"line":151,"type":"if","locations":[{"start":{"line":151,"column":20},"end":{"line":151,"column":20}},{"start":{"line":151,"column":20},"end":{"line":151,"column":20}}]},"15":{"line":151,"type":"binary-expr","locations":[{"start":{"line":151,"column":25},"end":{"line":151,"column":45}},{"start":{"line":151,"column":50},"end":{"line":151,"column":69}}]},"16":{"line":154,"type":"if","locations":[{"start":{"line":154,"column":25},"end":{"line":154,"column":25}},{"start":{"line":154,"column":25},"end":{"line":154,"column":25}}]},"17":{"line":166,"type":"if","locations":[{"start":{"line":166,"column":8},"end":{"line":166,"column":8}},{"start":{"line":166,"column":8},"end":{"line":166,"column":8}}]},"18":{"line":179,"type":"if","locations":[{"start":{"line":179,"column":8},"end":{"line":179,"column":8}},{"start":{"line":179,"column":8},"end":{"line":179,"column":8}}]},"19":{"line":180,"type":"if","locations":[{"start":{"line":180,"column":12},"end":{"line":180,"column":12}},{"start":{"line":180,"column":12},"end":{"line":180,"column":12}}]},"20":{"line":188,"type":"if","locations":[{"start":{"line":188,"column":8},"end":{"line":188,"column":8}},{"start":{"line":188,"column":8},"end":{"line":188,"column":8}}]},"21":{"line":189,"type":"if","locations":[{"start":{"line":189,"column":12},"end":{"line":189,"column":12}},{"start":{"line":189,"column":12},"end":{"line":189,"column":12}}]}}}}