TN:
SF:/home/kehao/Repo/LifeGame/test/test.js
FN:6,(anonymous_1)
FN:7,(anonymous_2)
FN:15,(anonymous_3)
FN:24,(anonymous_4)
FN:34,(anonymous_5)
FN:41,(anonymous_6)
FN:45,(anonymous_7)
FN:59,(anonymous_8)
FN:62,matrix_equal
FN:89,(anonymous_10)
FN:98,(anonymous_11)
FN:99,(anonymous_12)
FN:106,(anonymous_13)
FNF:13
FNH:13
FNDA:1,(anonymous_1)
FNDA:1,(anonymous_2)
FNDA:1,(anonymous_3)
FNDA:1,(anonymous_4)
FNDA:1,(anonymous_5)
FNDA:1,(anonymous_6)
FNDA:1,(anonymous_7)
FNDA:1,(anonymous_8)
FNDA:5,matrix_equal
FNDA:1,(anonymous_10)
FNDA:1,(anonymous_11)
FNDA:1,(anonymous_12)
FNDA:1,(anonymous_13)
DA:1,1
DA:2,1
DA:3,1
DA:6,1
DA:7,1
DA:8,1
DA:9,1
DA:10,1
DA:11,1
DA:12,1
DA:15,1
DA:16,1
DA:17,1
DA:18,1
DA:19,1
DA:20,1
DA:21,1
DA:24,1
DA:25,1
DA:26,1
DA:27,1
DA:28,1
DA:29,1
DA:30,1
DA:31,1
DA:32,1
DA:34,1
DA:35,1
DA:36,1
DA:37,1
DA:38,1
DA:41,1
DA:42,1
DA:43,1
DA:44,1
DA:45,1
DA:46,1
DA:47,1
DA:48,52
DA:49,2704
DA:50,2704
DA:51,1383
DA:55,1
DA:59,1
DA:60,1
DA:61,1
DA:62,1
DA:63,5
DA:64,5
DA:65,50
DA:66,500
DA:69,5
DA:71,1
DA:72,1
DA:73,1
DA:74,1
DA:75,1
DA:76,1
DA:77,1
DA:78,1
DA:79,1
DA:80,1
DA:82,1
DA:83,1
DA:84,1
DA:85,1
DA:86,1
DA:89,1
DA:90,1
DA:91,1
DA:92,1
DA:93,1
DA:98,1
DA:99,1
DA:100,1
DA:101,1
DA:102,1
DA:103,1
DA:104,1
DA:106,1
DA:107,1
DA:108,1
DA:109,1
DA:110,1
DA:111,1
DA:113,1
DA:114,1
DA:115,1
LF:88
LH:88
BRDA:50,1,0,1383
BRDA:50,1,1,1321
BRDA:55,2,0,1
BRDA:55,2,1,1
BRDA:66,3,0,219
BRDA:66,3,1,281
BRF:6
BRH:6
end_of_record
TN:
SF:/home/kehao/Repo/LifeGame/test/logic.js
FN:22,(anonymous_1)
FN:41,(anonymous_2)
FN:52,(anonymous_3)
FN:65,(anonymous_4)
FN:83,(anonymous_5)
FN:94,(anonymous_6)
FN:107,(anonymous_7)
FN:112,(anonymous_8)
FN:129,(anonymous_9)
FN:165,(anonymous_10)
FN:173,(anonymous_11)
FN:178,(anonymous_12)
FNF:12
FNH:9
FNDA:8,(anonymous_1)
FNDA:2,(anonymous_2)
FNDA:3,(anonymous_3)
FNDA:6,(anonymous_4)
FNDA:1,(anonymous_5)
FNDA:0,(anonymous_6)
FNDA:0,(anonymous_7)
FNDA:5,(anonymous_8)
FNDA:5,(anonymous_9)
FNDA:2,(anonymous_10)
FNDA:0,(anonymous_11)
FNDA:6,(anonymous_12)
DA:1,1
DA:2,1
DA:3,1
DA:4,1
DA:5,1
DA:7,1
DA:8,1
DA:9,1
DA:11,1
DA:12,1
DA:13,1
DA:14,1
DA:15,1
DA:16,1
DA:17,1
DA:18,1
DA:19,1
DA:20,1
DA:22,1
DA:23,8
DA:24,8
DA:25,8
DA:27,3
DA:29,5
DA:31,3
DA:35,2
DA:36,2
DA:37,2
DA:41,1
DA:42,2
DA:43,1
DA:46,1
DA:49,2
DA:52,1
DA:53,3
DA:54,3
DA:55,3
DA:56,1
DA:58,2
DA:59,1
DA:61,3
DA:65,1
DA:67,6
DA:68,6
DA:70,1
DA:72,5
DA:74,3
DA:78,2
DA:79,2
DA:83,1
DA:84,1
DA:85,1
DA:86,52
DA:87,52
DA:88,2704
DA:91,1
DA:94,1
DA:95,0
DA:96,0
DA:100,0
DA:101,0
DA:102,0
DA:103,0
DA:104,0
DA:107,1
DA:108,0
DA:109,0
DA:112,1
DA:114,5
DA:115,5
DA:117,1
DA:119,4
DA:121,2
DA:124,2
DA:125,2
DA:129,1
DA:131,5
DA:132,5
DA:133,60
DA:134,60
DA:135,720
DA:138,5
DA:139,40
DA:140,320
DA:142,183
DA:143,1464
DA:149,5
DA:150,40
DA:151,320
DA:152,52
DA:154,268
DA:155,77
DA:158,191
DA:162,5
DA:165,1
DA:166,2
DA:167,1
DA:173,1
DA:174,0
DA:176,1
DA:178,1
DA:179,6
DA:180,3
DA:181,1
DA:185,2
DA:188,6
DA:189,3
DA:190,1
DA:194,2
DA:197,6
LF:110
LH:100
BRDA:25,1,0,3
BRDA:25,1,1,5
BRDA:25,2,0,8
BRDA:25,2,1,6
BRDA:29,3,0,3
BRDA:29,3,1,2
BRDA:29,4,0,5
BRDA:29,4,1,3
BRDA:29,4,2,3
BRDA:29,4,3,2
BRDA:42,5,0,1
BRDA:42,5,1,1
BRDA:55,6,0,1
BRDA:55,6,1,2
BRDA:58,7,0,1
BRDA:58,7,1,1
BRDA:68,8,0,1
BRDA:68,8,1,5
BRDA:72,9,0,3
BRDA:72,9,1,2
BRDA:72,10,0,5
BRDA:72,10,1,4
BRDA:115,11,0,1
BRDA:115,11,1,4
BRDA:119,12,0,2
BRDA:119,12,1,2
BRDA:140,13,0,183
BRDA:140,13,1,137
BRDA:151,14,0,52
BRDA:151,14,1,268
BRDA:151,15,0,320
BRDA:151,15,1,320
BRDA:154,16,0,77
BRDA:154,16,1,191
BRDA:166,17,0,1
BRDA:166,17,1,1
BRDA:179,18,0,3
BRDA:179,18,1,3
BRDA:180,19,0,1
BRDA:180,19,1,2
BRDA:188,20,0,3
BRDA:188,20,1,3
BRDA:189,21,0,1
BRDA:189,21,1,2
BRF:44
BRH:44
end_of_record
