{"/home/kehao/Repo/LifeGame/script.js":{"path":"/home/kehao/Repo/LifeGame/script.js","s":{"1":1,"2":1,"3":1,"4":1,"5":1,"6":1,"7":1,"8":1,"9":1,"10":1,"11":1,"12":1,"13":1,"14":1,"15":1,"16":1,"17":1,"18":1,"19":1,"20":0,"21":0,"22":0,"23":0,"24":0,"25":0,"26":0,"27":0,"28":0,"29":0,"30":0,"31":0,"32":0,"33":1,"34":0,"35":0,"36":0,"37":0,"38":0,"39":0,"40":0,"41":0,"42":0,"43":1,"44":0,"45":0,"46":0,"47":0,"48":0,"49":0,"50":0,"51":0,"52":1,"53":0,"54":0,"55":0,"56":0,"57":0,"58":0,"59":0,"60":0,"61":1,"62":0,"63":0,"64":0,"65":0,"66":0,"67":0,"68":0,"69":0,"70":0,"71":0,"72":0,"73":1,"74":0,"75":0,"76":1,"77":0,"78":0,"79":0,"80":0,"81":0,"82":1,"83":0,"84":0,"85":0,"86":0,"87":0,"88":0,"89":0,"90":0,"91":0,"92":0,"93":0,"94":0,"95":0,"96":0,"97":0,"98":0,"99":0,"100":0,"101":0,"102":0,"103":0,"104":1,"105":0,"106":0,"107":0,"108":0,"109":0,"110":0,"111":0,"112":0,"113":0,"114":1,"115":0,"116":0,"117":1,"118":0,"119":0,"120":0,"121":0,"122":0,"123":0,"124":0,"125":0,"126":0,"127":0,"128":1,"129":0,"130":1,"131":0,"132":0,"133":0,"134":0,"135":0,"136":0,"137":0,"138":0,"139":1,"140":0,"141":0,"142":1,"143":0,"144":0,"145":0,"146":0,"147":0,"148":0,"149":0,"150":0,"151":0,"152":0,"153":0,"154":0,"155":0,"156":0,"157":0,"158":0,"159":0,"160":0,"161":0,"162":0,"163":1,"164":0,"165":0,"166":1,"167":0,"168":0,"169":0,"170":0,"171":0,"172":0,"173":0,"174":0,"175":0,"176":0},"b":{"1":[0,0],"2":[0,0],"3":[0,0],"4":[0,0],"5":[0,0],"6":[0,0],"7":[0,0],"8":[0,0],"9":[0,0,0,0],"10":[0,0],"11":[0,0],"12":[0,0],"13":[0,0],"14":[0,0],"15":[0,0],"16":[0,0],"17":[0,0],"18":[0,0],"19":[0,0],"20":[0,0],"21":[0,0],"22":[0,0],"23":[0,0],"24":[0,0],"25":[0,0]},"f":{"1":0,"2":0,"3":0,"4":0,"5":0,"6":0,"7":0,"8":0,"9":0,"10":0,"11":0,"12":0,"13":0,"14":0,"15":0,"16":0,"17":0,"18":0,"19":0},"fnMap":{"1":{"name":"draw_cell","line":25,"loc":{"start":{"line":25,"column":4},"end":{"line":25,"column":24}}},"2":{"name":"draw_grid","line":47,"loc":{"start":{"line":47,"column":4},"end":{"line":47,"column":24}}},"3":{"name":"stop","line":62,"loc":{"start":{"line":62,"column":4},"end":{"line":62,"column":19}}},"4":{"name":"change_mode","line":77,"loc":{"start":{"line":77,"column":4},"end":{"line":77,"column":26}}},"5":{"name":"set_RandC","line":90,"loc":{"start":{"line":90,"column":1},"end":{"line":90,"column":21}}},"6":{"name":"reload","line":109,"loc":{"start":{"line":109,"column":4},"end":{"line":109,"column":21}}},"7":{"name":"set_matrix","line":114,"loc":{"start":{"line":114,"column":8},"end":{"line":114,"column":29}}},"8":{"name":"set_map","line":123,"loc":{"start":{"line":123,"column":8},"end":{"line":123,"column":26}}},"9":{"name":"(anonymous_9)","line":143,"loc":{"start":{"line":143,"column":41},"end":{"line":143,"column":55}}},"10":{"name":"set_seedProbability","line":152,"loc":{"start":{"line":152,"column":1},"end":{"line":152,"column":31}}},"11":{"name":"random_set","line":169,"loc":{"start":{"line":169,"column":4},"end":{"line":169,"column":25}}},"12":{"name":"set_matrix","line":174,"loc":{"start":{"line":174,"column":8},"end":{"line":174,"column":29}}},"13":{"name":"clean","line":190,"loc":{"start":{"line":190,"column":4},"end":{"line":190,"column":20}}},"14":{"name":"set_timer","line":194,"loc":{"start":{"line":194,"column":4},"end":{"line":194,"column":24}}},"15":{"name":"loop","line":209,"loc":{"start":{"line":209,"column":4},"end":{"line":209,"column":20}}},"16":{"name":"envolve_cells","line":213,"loc":{"start":{"line":213,"column":8},"end":{"line":213,"column":32}}},"17":{"name":"(anonymous_17)","line":250,"loc":{"start":{"line":250,"column":19},"end":{"line":250,"column":31}}},"18":{"name":"getMousePos","line":254,"loc":{"start":{"line":254,"column":4},"end":{"line":254,"column":38}}},"19":{"name":"click_cell","line":261,"loc":{"start":{"line":261,"column":4},"end":{"line":261,"column":28}}}},"statementMap":{"1":{"start":{"line":1,"column":0},"end":{"line":1,"column":39}},"2":{"start":{"line":2,"column":4},"end":{"line":2,"column":20}},"3":{"start":{"line":4,"column":4},"end":{"line":4,"column":12}},"4":{"start":{"line":5,"column":4},"end":{"line":5,"column":13}},"5":{"start":{"line":6,"column":4},"end":{"line":6,"column":12}},"6":{"start":{"line":8,"column":4},"end":{"line":8,"column":17}},"7":{"start":{"line":9,"column":4},"end":{"line":9,"column":16}},"8":{"start":{"line":10,"column":4},"end":{"line":10,"column":23}},"9":{"start":{"line":12,"column":4},"end":{"line":12,"column":26}},"10":{"start":{"line":13,"column":4},"end":{"line":13,"column":25}},"11":{"start":{"line":14,"column":4},"end":{"line":14,"column":25}},"12":{"start":{"line":15,"column":4},"end":{"line":15,"column":25}},"13":{"start":{"line":17,"column":4},"end":{"line":17,"column":17}},"14":{"start":{"line":18,"column":4},"end":{"line":18,"column":17}},"15":{"start":{"line":19,"column":4},"end":{"line":19,"column":12}},"16":{"start":{"line":21,"column":4},"end":{"line":21,"column":15}},"17":{"start":{"line":22,"column":4},"end":{"line":22,"column":34}},"18":{"start":{"line":23,"column":4},"end":{"line":23,"column":34}},"19":{"start":{"line":25,"column":4},"end":{"line":46,"column":5}},"20":{"start":{"line":26,"column":8},"end":{"line":26,"column":44}},"21":{"start":{"line":27,"column":8},"end":{"line":27,"column":65}},"22":{"start":{"line":28,"column":12},"end":{"line":45,"column":13}},"23":{"start":{"line":29,"column":16},"end":{"line":44,"column":17}},"24":{"start":{"line":31,"column":20},"end":{"line":31,"column":40}},"25":{"start":{"line":32,"column":20},"end":{"line":32,"column":40}},"26":{"start":{"line":33,"column":20},"end":{"line":42,"column":21}},"27":{"start":{"line":34,"column":24},"end":{"line":34,"column":61}},"28":{"start":{"line":36,"column":25},"end":{"line":42,"column":21}},"29":{"start":{"line":37,"column":24},"end":{"line":37,"column":33}},"30":{"start":{"line":38,"column":24},"end":{"line":38,"column":60}},"31":{"start":{"line":41,"column":24},"end":{"line":41,"column":60}},"32":{"start":{"line":43,"column":20},"end":{"line":43,"column":67}},"33":{"start":{"line":47,"column":4},"end":{"line":60,"column":5}},"34":{"start":{"line":48,"column":8},"end":{"line":48,"column":46}},"35":{"start":{"line":49,"column":8},"end":{"line":52,"column":9}},"36":{"start":{"line":50,"column":12},"end":{"line":50,"column":52}},"37":{"start":{"line":51,"column":12},"end":{"line":51,"column":63}},"38":{"start":{"line":53,"column":8},"end":{"line":56,"column":9}},"39":{"start":{"line":54,"column":12},"end":{"line":54,"column":51}},"40":{"start":{"line":55,"column":12},"end":{"line":55,"column":64}},"41":{"start":{"line":57,"column":8},"end":{"line":57,"column":35}},"42":{"start":{"line":58,"column":8},"end":{"line":58,"column":31}},"43":{"start":{"line":62,"column":4},"end":{"line":75,"column":5}},"44":{"start":{"line":63,"column":8},"end":{"line":73,"column":9}},"45":{"start":{"line":64,"column":12},"end":{"line":64,"column":28}},"46":{"start":{"line":65,"column":12},"end":{"line":65,"column":33}},"47":{"start":{"line":66,"column":12},"end":{"line":66,"column":45}},"48":{"start":{"line":69,"column":12},"end":{"line":69,"column":27}},"49":{"start":{"line":70,"column":12},"end":{"line":70,"column":33}},"50":{"start":{"line":71,"column":12},"end":{"line":71,"column":44}},"51":{"start":{"line":72,"column":12},"end":{"line":72,"column":18}},"52":{"start":{"line":77,"column":4},"end":{"line":88,"column":5}},"53":{"start":{"line":78,"column":8},"end":{"line":87,"column":9}},"54":{"start":{"line":79,"column":12},"end":{"line":79,"column":28}},"55":{"start":{"line":80,"column":12},"end":{"line":80,"column":37}},"56":{"start":{"line":81,"column":12},"end":{"line":81,"column":36}},"57":{"start":{"line":83,"column":13},"end":{"line":87,"column":9}},"58":{"start":{"line":84,"column":12},"end":{"line":84,"column":28}},"59":{"start":{"line":85,"column":12},"end":{"line":85,"column":37}},"60":{"start":{"line":86,"column":12},"end":{"line":86,"column":36}},"61":{"start":{"line":90,"column":1},"end":{"line":107,"column":2}},"62":{"start":{"line":91,"column":2},"end":{"line":91,"column":47}},"63":{"start":{"line":92,"column":2},"end":{"line":92,"column":53}},"64":{"start":{"line":93,"column":8},"end":{"line":106,"column":3}},"65":{"start":{"line":94,"column":12},"end":{"line":94,"column":28}},"66":{"start":{"line":95,"column":12},"end":{"line":95,"column":24}},"67":{"start":{"line":97,"column":13},"end":{"line":106,"column":3}},"68":{"start":{"line":98,"column":12},"end":{"line":98,"column":28}},"69":{"start":{"line":99,"column":12},"end":{"line":99,"column":24}},"70":{"start":{"line":103,"column":3},"end":{"line":103,"column":24}},"71":{"start":{"line":104,"column":3},"end":{"line":104,"column":30}},"72":{"start":{"line":105,"column":3},"end":{"line":105,"column":14}},"73":{"start":{"line":109,"column":4},"end":{"line":150,"column":5}},"74":{"start":{"line":110,"column":2},"end":{"line":112,"column":3}},"75":{"start":{"line":111,"column":3},"end":{"line":111,"column":9}},"76":{"start":{"line":114,"column":8},"end":{"line":122,"column":9}},"77":{"start":{"line":115,"column":12},"end":{"line":115,"column":42}},"78":{"start":{"line":116,"column":12},"end":{"line":121,"column":13}},"79":{"start":{"line":117,"column":16},"end":{"line":117,"column":52}},"80":{"start":{"line":118,"column":16},"end":{"line":120,"column":17}},"81":{"start":{"line":119,"column":20},"end":{"line":119,"column":39}},"82":{"start":{"line":123,"column":8},"end":{"line":140,"column":9}},"83":{"start":{"line":124,"column":12},"end":{"line":124,"column":31}},"84":{"start":{"line":125,"column":12},"end":{"line":125,"column":24}},"85":{"start":{"line":126,"column":12},"end":{"line":126,"column":53}},"86":{"start":{"line":127,"column":12},"end":{"line":127,"column":30}},"87":{"start":{"line":128,"column":12},"end":{"line":128,"column":52}},"88":{"start":{"line":129,"column":12},"end":{"line":129,"column":46}},"89":{"start":{"line":130,"column":12},"end":{"line":130,"column":50}},"90":{"start":{"line":131,"column":12},"end":{"line":131,"column":23}},"91":{"start":{"line":133,"column":12},"end":{"line":133,"column":44}},"92":{"start":{"line":134,"column":12},"end":{"line":139,"column":13}},"93":{"start":{"line":135,"column":16},"end":{"line":135,"column":54}},"94":{"start":{"line":136,"column":16},"end":{"line":138,"column":17}},"95":{"start":{"line":137,"column":20},"end":{"line":137,"column":39}},"96":{"start":{"line":141,"column":8},"end":{"line":141,"column":20}},"97":{"start":{"line":142,"column":8},"end":{"line":142,"column":17}},"98":{"start":{"line":143,"column":8},"end":{"line":146,"column":18}},"99":{"start":{"line":144,"column":12},"end":{"line":144,"column":52}},"100":{"start":{"line":145,"column":12},"end":{"line":145,"column":93}},"101":{"start":{"line":147,"column":8},"end":{"line":147,"column":22}},"102":{"start":{"line":148,"column":8},"end":{"line":148,"column":14}},"103":{"start":{"line":149,"column":8},"end":{"line":149,"column":41}},"104":{"start":{"line":152,"column":1},"end":{"line":167,"column":2}},"105":{"start":{"line":153,"column":2},"end":{"line":153,"column":57}},"106":{"start":{"line":154,"column":8},"end":{"line":166,"column":3}},"107":{"start":{"line":155,"column":12},"end":{"line":155,"column":35}},"108":{"start":{"line":156,"column":12},"end":{"line":156,"column":24}},"109":{"start":{"line":158,"column":13},"end":{"line":166,"column":3}},"110":{"start":{"line":159,"column":12},"end":{"line":159,"column":35}},"111":{"start":{"line":160,"column":12},"end":{"line":160,"column":24}},"112":{"start":{"line":164,"column":3},"end":{"line":164,"column":38}},"113":{"start":{"line":165,"column":3},"end":{"line":165,"column":14}},"114":{"start":{"line":169,"column":4},"end":{"line":188,"column":5}},"115":{"start":{"line":171,"column":8},"end":{"line":173,"column":3}},"116":{"start":{"line":172,"column":3},"end":{"line":172,"column":9}},"117":{"start":{"line":174,"column":8},"end":{"line":182,"column":9}},"118":{"start":{"line":175,"column":12},"end":{"line":175,"column":42}},"119":{"start":{"line":176,"column":12},"end":{"line":181,"column":13}},"120":{"start":{"line":177,"column":16},"end":{"line":177,"column":52}},"121":{"start":{"line":178,"column":16},"end":{"line":180,"column":17}},"122":{"start":{"line":179,"column":20},"end":{"line":179,"column":68}},"123":{"start":{"line":183,"column":8},"end":{"line":183,"column":20}},"124":{"start":{"line":184,"column":8},"end":{"line":184,"column":22}},"125":{"start":{"line":185,"column":8},"end":{"line":185,"column":19}},"126":{"start":{"line":186,"column":8},"end":{"line":186,"column":19}},"127":{"start":{"line":187,"column":8},"end":{"line":187,"column":14}},"128":{"start":{"line":190,"column":4},"end":{"line":192,"column":5}},"129":{"start":{"line":191,"column":8},"end":{"line":191,"column":16}},"130":{"start":{"line":194,"column":4},"end":{"line":207,"column":5}},"131":{"start":{"line":195,"column":8},"end":{"line":195,"column":47}},"132":{"start":{"line":196,"column":8},"end":{"line":206,"column":9}},"133":{"start":{"line":197,"column":12},"end":{"line":197,"column":32}},"134":{"start":{"line":198,"column":12},"end":{"line":198,"column":18}},"135":{"start":{"line":200,"column":13},"end":{"line":206,"column":9}},"136":{"start":{"line":201,"column":12},"end":{"line":201,"column":32}},"137":{"start":{"line":202,"column":12},"end":{"line":202,"column":18}},"138":{"start":{"line":205,"column":12},"end":{"line":205,"column":27}},"139":{"start":{"line":209,"column":4},"end":{"line":253,"column":5}},"140":{"start":{"line":210,"column":8},"end":{"line":212,"column":9}},"141":{"start":{"line":211,"column":12},"end":{"line":211,"column":18}},"142":{"start":{"line":213,"column":8},"end":{"line":245,"column":9}},"143":{"start":{"line":216,"column":12},"end":{"line":220,"column":13}},"144":{"start":{"line":217,"column":16},"end":{"line":219,"column":17}},"145":{"start":{"line":218,"column":20},"end":{"line":218,"column":43}},"146":{"start":{"line":221,"column":12},"end":{"line":231,"column":13}},"147":{"start":{"line":222,"column":16},"end":{"line":230,"column":17}},"148":{"start":{"line":223,"column":20},"end":{"line":229,"column":21}},"149":{"start":{"line":225,"column":24},"end":{"line":227,"column":25}},"150":{"start":{"line":226,"column":28},"end":{"line":226,"column":56}},"151":{"start":{"line":232,"column":12},"end":{"line":244,"column":13}},"152":{"start":{"line":233,"column":16},"end":{"line":243,"column":17}},"153":{"start":{"line":234,"column":20},"end":{"line":242,"column":21}},"154":{"start":{"line":235,"column":24},"end":{"line":235,"column":32}},"155":{"start":{"line":237,"column":25},"end":{"line":242,"column":21}},"156":{"start":{"line":238,"column":24},"end":{"line":238,"column":44}},"157":{"start":{"line":241,"column":24},"end":{"line":241,"column":43}},"158":{"start":{"line":247,"column":8},"end":{"line":247,"column":23}},"159":{"start":{"line":248,"column":8},"end":{"line":248,"column":19}},"160":{"start":{"line":249,"column":8},"end":{"line":249,"column":19}},"161":{"start":{"line":250,"column":8},"end":{"line":252,"column":18}},"162":{"start":{"line":251,"column":12},"end":{"line":251,"column":19}},"163":{"start":{"line":254,"column":4},"end":{"line":260,"column":5}},"164":{"start":{"line":255,"column":8},"end":{"line":255,"column":50}},"165":{"start":{"line":256,"column":8},"end":{"line":259,"column":10}},"166":{"start":{"line":261,"column":4},"end":{"line":282,"column":5}},"167":{"start":{"line":262,"column":8},"end":{"line":270,"column":9}},"168":{"start":{"line":263,"column":12},"end":{"line":269,"column":13}},"169":{"start":{"line":264,"column":16},"end":{"line":264,"column":39}},"170":{"start":{"line":268,"column":17},"end":{"line":268,"column":41}},"171":{"start":{"line":271,"column":8},"end":{"line":279,"column":9}},"172":{"start":{"line":272,"column":12},"end":{"line":278,"column":13}},"173":{"start":{"line":273,"column":16},"end":{"line":273,"column":39}},"174":{"start":{"line":277,"column":17},"end":{"line":277,"column":40}},"175":{"start":{"line":280,"column":8},"end":{"line":280,"column":19}},"176":{"start":{"line":281,"column":8},"end":{"line":281,"column":19}}},"branchMap":{"1":{"line":33,"type":"if","locations":[{"start":{"line":33,"column":20},"end":{"line":33,"column":20}},{"start":{"line":33,"column":20},"end":{"line":33,"column":20}}]},"2":{"line":36,"type":"if","locations":[{"start":{"line":36,"column":25},"end":{"line":36,"column":25}},{"start":{"line":36,"column":25},"end":{"line":36,"column":25}}]},"3":{"line":63,"type":"if","locations":[{"start":{"line":63,"column":8},"end":{"line":63,"column":8}},{"start":{"line":63,"column":8},"end":{"line":63,"column":8}}]},"4":{"line":78,"type":"if","locations":[{"start":{"line":78,"column":8},"end":{"line":78,"column":8}},{"start":{"line":78,"column":8},"end":{"line":78,"column":8}}]},"5":{"line":83,"type":"if","locations":[{"start":{"line":83,"column":13},"end":{"line":83,"column":13}},{"start":{"line":83,"column":13},"end":{"line":83,"column":13}}]},"6":{"line":93,"type":"if","locations":[{"start":{"line":93,"column":8},"end":{"line":93,"column":8}},{"start":{"line":93,"column":8},"end":{"line":93,"column":8}}]},"7":{"line":93,"type":"binary-expr","locations":[{"start":{"line":93,"column":12},"end":{"line":93,"column":29}},{"start":{"line":93,"column":33},"end":{"line":93,"column":53}}]},"8":{"line":97,"type":"if","locations":[{"start":{"line":97,"column":13},"end":{"line":97,"column":13}},{"start":{"line":97,"column":13},"end":{"line":97,"column":13}}]},"9":{"line":97,"type":"binary-expr","locations":[{"start":{"line":97,"column":17},"end":{"line":97,"column":32}},{"start":{"line":97,"column":36},"end":{"line":97,"column":54}},{"start":{"line":97,"column":58},"end":{"line":97,"column":90}},{"start":{"line":97,"column":94},"end":{"line":97,"column":132}}]},"10":{"line":110,"type":"if","locations":[{"start":{"line":110,"column":2},"end":{"line":110,"column":2}},{"start":{"line":110,"column":2},"end":{"line":110,"column":2}}]},"11":{"line":154,"type":"if","locations":[{"start":{"line":154,"column":8},"end":{"line":154,"column":8}},{"start":{"line":154,"column":8},"end":{"line":154,"column":8}}]},"12":{"line":158,"type":"if","locations":[{"start":{"line":158,"column":13},"end":{"line":158,"column":13}},{"start":{"line":158,"column":13},"end":{"line":158,"column":13}}]},"13":{"line":158,"type":"binary-expr","locations":[{"start":{"line":158,"column":17},"end":{"line":158,"column":39}},{"start":{"line":158,"column":43},"end":{"line":158,"column":64}}]},"14":{"line":171,"type":"if","locations":[{"start":{"line":171,"column":8},"end":{"line":171,"column":8}},{"start":{"line":171,"column":8},"end":{"line":171,"column":8}}]},"15":{"line":196,"type":"if","locations":[{"start":{"line":196,"column":8},"end":{"line":196,"column":8}},{"start":{"line":196,"column":8},"end":{"line":196,"column":8}}]},"16":{"line":200,"type":"if","locations":[{"start":{"line":200,"column":13},"end":{"line":200,"column":13}},{"start":{"line":200,"column":13},"end":{"line":200,"column":13}}]},"17":{"line":210,"type":"if","locations":[{"start":{"line":210,"column":8},"end":{"line":210,"column":8}},{"start":{"line":210,"column":8},"end":{"line":210,"column":8}}]},"18":{"line":223,"type":"if","locations":[{"start":{"line":223,"column":20},"end":{"line":223,"column":20}},{"start":{"line":223,"column":20},"end":{"line":223,"column":20}}]},"19":{"line":234,"type":"if","locations":[{"start":{"line":234,"column":20},"end":{"line":234,"column":20}},{"start":{"line":234,"column":20},"end":{"line":234,"column":20}}]},"20":{"line":234,"type":"binary-expr","locations":[{"start":{"line":234,"column":25},"end":{"line":234,"column":45}},{"start":{"line":234,"column":50},"end":{"line":234,"column":69}}]},"21":{"line":237,"type":"if","locations":[{"start":{"line":237,"column":25},"end":{"line":237,"column":25}},{"start":{"line":237,"column":25},"end":{"line":237,"column":25}}]},"22":{"line":262,"type":"if","locations":[{"start":{"line":262,"column":8},"end":{"line":262,"column":8}},{"start":{"line":262,"column":8},"end":{"line":262,"column":8}}]},"23":{"line":263,"type":"if","locations":[{"start":{"line":263,"column":12},"end":{"line":263,"column":12}},{"start":{"line":263,"column":12},"end":{"line":263,"column":12}}]},"24":{"line":271,"type":"if","locations":[{"start":{"line":271,"column":8},"end":{"line":271,"column":8}},{"start":{"line":271,"column":8},"end":{"line":271,"column":8}}]},"25":{"line":272,"type":"if","locations":[{"start":{"line":272,"column":12},"end":{"line":272,"column":12}},{"start":{"line":272,"column":12},"end":{"line":272,"column":12}}]}}}}