TN:
SF:/home/kehao/Repo/LifeGame/script.js
FN:25,draw_cell
FN:47,draw_grid
FN:62,stop
FN:77,change_mode
FN:90,set_RandC
FN:109,reload
FN:114,set_matrix
FN:123,set_map
FN:143,(anonymous_9)
FN:152,set_seedProbability
FN:169,random_set
FN:174,set_matrix
FN:190,clean
FN:194,set_timer
FN:209,loop
FN:213,envolve_cells
FN:250,(anonymous_17)
FN:254,getMousePos
FN:261,click_cell
FNF:19
FNH:0
FNDA:0,draw_cell
FNDA:0,draw_grid
FNDA:0,stop
FNDA:0,change_mode
FNDA:0,set_RandC
FNDA:0,reload
FNDA:0,set_matrix
FNDA:0,set_map
FNDA:0,(anonymous_9)
FNDA:0,set_seedProbability
FNDA:0,random_set
FNDA:0,set_matrix
FNDA:0,clean
FNDA:0,set_timer
FNDA:0,loop
FNDA:0,envolve_cells
FNDA:0,(anonymous_17)
FNDA:0,getMousePos
FNDA:0,click_cell
DA:1,1
DA:2,1
DA:4,1
DA:5,1
DA:6,1
DA:8,1
DA:9,1
DA:10,1
DA:12,1
DA:13,1
DA:14,1
DA:15,1
DA:17,1
DA:18,1
DA:19,1
DA:21,1
DA:22,1
DA:23,1
DA:25,1
DA:26,0
DA:27,0
DA:28,0
DA:29,0
DA:31,0
DA:32,0
DA:33,0
DA:34,0
DA:36,0
DA:37,0
DA:38,0
DA:41,0
DA:43,0
DA:47,1
DA:48,0
DA:49,0
DA:50,0
DA:51,0
DA:53,0
DA:54,0
DA:55,0
DA:57,0
DA:58,0
DA:62,1
DA:63,0
DA:64,0
DA:65,0
DA:66,0
DA:69,0
DA:70,0
DA:71,0
DA:72,0
DA:77,1
DA:78,0
DA:79,0
DA:80,0
DA:81,0
DA:83,0
DA:84,0
DA:85,0
DA:86,0
DA:90,1
DA:91,0
DA:92,0
DA:93,0
DA:94,0
DA:95,0
DA:97,0
DA:98,0
DA:99,0
DA:103,0
DA:104,0
DA:105,0
DA:109,1
DA:110,0
DA:111,0
DA:114,1
DA:115,0
DA:116,0
DA:117,0
DA:118,0
DA:119,0
DA:123,1
DA:124,0
DA:125,0
DA:126,0
DA:127,0
DA:128,0
DA:129,0
DA:130,0
DA:131,0
DA:133,0
DA:134,0
DA:135,0
DA:136,0
DA:137,0
DA:141,0
DA:142,0
DA:143,0
DA:144,0
DA:145,0
DA:147,0
DA:148,0
DA:149,0
DA:152,1
DA:153,0
DA:154,0
DA:155,0
DA:156,0
DA:158,0
DA:159,0
DA:160,0
DA:164,0
DA:165,0
DA:169,1
DA:171,0
DA:172,0
DA:174,1
DA:175,0
DA:176,0
DA:177,0
DA:178,0
DA:179,0
DA:183,0
DA:184,0
DA:185,0
DA:186,0
DA:187,0
DA:190,1
DA:191,0
DA:194,1
DA:195,0
DA:196,0
DA:197,0
DA:198,0
DA:200,0
DA:201,0
DA:202,0
DA:205,0
DA:209,1
DA:210,0
DA:211,0
DA:213,1
DA:216,0
DA:217,0
DA:218,0
DA:221,0
DA:222,0
DA:223,0
DA:225,0
DA:226,0
DA:232,0
DA:233,0
DA:234,0
DA:235,0
DA:237,0
DA:238,0
DA:241,0
DA:247,0
DA:248,0
DA:249,0
DA:250,0
DA:251,0
DA:254,1
DA:255,0
DA:256,0
DA:261,1
DA:262,0
DA:263,0
DA:264,0
DA:268,0
DA:271,0
DA:272,0
DA:273,0
DA:277,0
DA:280,0
DA:281,0
LF:176
LH:35
BRDA:33,1,0,0
BRDA:33,1,1,0
BRDA:36,2,0,0
BRDA:36,2,1,0
BRDA:63,3,0,0
BRDA:63,3,1,0
BRDA:78,4,0,0
BRDA:78,4,1,0
BRDA:83,5,0,0
BRDA:83,5,1,0
BRDA:93,6,0,0
BRDA:93,6,1,0
BRDA:93,7,0,0
BRDA:93,7,1,0
BRDA:97,8,0,0
BRDA:97,8,1,0
BRDA:97,9,0,0
BRDA:97,9,1,0
BRDA:97,9,2,0
BRDA:97,9,3,0
BRDA:110,10,0,0
BRDA:110,10,1,0
BRDA:154,11,0,0
BRDA:154,11,1,0
BRDA:158,12,0,0
BRDA:158,12,1,0
BRDA:158,13,0,0
BRDA:158,13,1,0
BRDA:171,14,0,0
BRDA:171,14,1,0
BRDA:196,15,0,0
BRDA:196,15,1,0
BRDA:200,16,0,0
BRDA:200,16,1,0
BRDA:210,17,0,0
BRDA:210,17,1,0
BRDA:223,18,0,0
BRDA:223,18,1,0
BRDA:234,19,0,0
BRDA:234,19,1,0
BRDA:234,20,0,0
BRDA:234,20,1,0
BRDA:237,21,0,0
BRDA:237,21,1,0
BRDA:262,22,0,0
BRDA:262,22,1,0
BRDA:263,23,0,0
BRDA:263,23,1,0
BRDA:271,24,0,0
BRDA:271,24,1,0
BRDA:272,25,0,0
BRDA:272,25,1,0
BRF:52
BRH:0
end_of_record
